2021-12-27T05:00:07+00:00 CRITICAL Uncaught Error: Undefined constant "WP_ENVIRONMENT_TYPE" in C:\xampp\htdocs\fashionbrandy.com\wp-content\plugins\woocommerce\packages\woocommerce-admin\src\Schedulers\MailchimpScheduler.php:90
Stack trace:
#0 C:\xampp\htdocs\fashionbrandy.com\wp-content\plugins\woocommerce\packages\woocommerce-admin\src\Schedulers\MailchimpScheduler.php(90): constant('WP_ENVIRONMENT_...')
#1 C:\xampp\htdocs\fashionbrandy.com\wp-content\plugins\woocommerce\packages\woocommerce-admin\src\Schedulers\MailchimpScheduler.php(58): Automattic\WooCommerce\Admin\Schedulers\MailchimpScheduler->make_request('saxenamanish321...')
#2 C:\xampp\htdocs\fashionbrandy.com\wp-content\plugins\woocommerce\packages\woocommerce-admin\src\Events.php(111): Automattic\WooCommerce\Admin\Schedulers\MailchimpScheduler->run()
#3 C:\xampp\htdocs\fashionbrandy.com\wp-includes\class-wp-hook.php(303): Automattic\WooCommerce\Admin\Events->do_wc_admin_daily()
#4 C:\xampp\htdocs\fashionbrandy.com\wp-includes\class-wp-hook.php(327): WP_Hook->apply_filters('', Array)
#5 C:\xampp\htdocs\fashionbrandy.com\wp-includes\plugin.php(518): WP_Hook->do_action(Array)
#6 C:\xampp\htdocs\fashionbrandy.com\wp-cron.php(138): do_action_ref_array('wc_admin_daily', Array)
#7 {main}
  thrown in C:\xampp\htdocs\fashionbrandy.com\wp-content\plugins\woocommerce\packages\woocommerce-admin\src\Schedulers\MailchimpScheduler.php on line 90

2021-12-27T16:44:17+00:00 CRITICAL Uncaught Error: Cannot use object of type WP_Error as array in C:\xampp\htdocs\fashionbrandy.com\wp-content\plugins\elementor\includes\template-library\manager.php:457
Stack trace:
#0 [internal function]: Elementor\TemplateLibrary\Manager->import_template(Array)
#1 C:\xampp\htdocs\fashionbrandy.com\wp-content\plugins\elementor\includes\template-library\manager.php(550): call_user_func(Array, Array)
#2 C:\xampp\htdocs\fashionbrandy.com\wp-content\plugins\elementor\includes\template-library\manager.php(582): Elementor\TemplateLibrary\Manager->handle_ajax_request('import_template', Array)
#3 [internal function]: Elementor\TemplateLibrary\Manager->Elementor\TemplateLibrary\{closure}(Array, Object(Elementor\Core\Common\Modules\Ajax\Module))
#4 C:\xampp\htdocs\fashionbrandy.com\wp-content\plugins\elementor\core\common\modules\ajax\module.php(171): call_user_func(Object(Closure), Array, Object(Elementor\Core\Common\Modules\Ajax\Module))
#5 C:\xampp\htdocs\fashionbrandy.com\wp-includes\class-wp-hook.php(303): Elementor\Core\Common\Modules\Ajax\Module->handle_ajax_request('')
#6 C:\xampp\htdocs\fashionbrandy.com\wp-includes\class-wp-hook.php(327): WP_Hook->apply_filters('', Array)
#7 C:\xampp\htdocs\fashionbrandy.com\wp-includes\plugin.php(470): WP_Hook->do_action(Array)
#8 C:\xampp\htdocs\fashionbrandy.com\wp-admin\admin-ajax.php(187): do_action('wp_ajax_element...')
#9 {main}
  thrown in C:\xampp\htdocs\fashionbrandy.com\wp-content\plugins\elementor\includes\template-library\manager.php on line 457

2021-12-27T16:44:31+00:00 CRITICAL Uncaught Error: Cannot use object of type WP_Error as array in C:\xampp\htdocs\fashionbrandy.com\wp-content\plugins\elementor\includes\template-library\manager.php:457
Stack trace:
#0 [internal function]: Elementor\TemplateLibrary\Manager->import_template(Array)
#1 C:\xampp\htdocs\fashionbrandy.com\wp-content\plugins\elementor\includes\template-library\manager.php(550): call_user_func(Array, Array)
#2 C:\xampp\htdocs\fashionbrandy.com\wp-content\plugins\elementor\includes\template-library\manager.php(582): Elementor\TemplateLibrary\Manager->handle_ajax_request('import_template', Array)
#3 [internal function]: Elementor\TemplateLibrary\Manager->Elementor\TemplateLibrary\{closure}(Array, Object(Elementor\Core\Common\Modules\Ajax\Module))
#4 C:\xampp\htdocs\fashionbrandy.com\wp-content\plugins\elementor\core\common\modules\ajax\module.php(171): call_user_func(Object(Closure), Array, Object(Elementor\Core\Common\Modules\Ajax\Module))
#5 C:\xampp\htdocs\fashionbrandy.com\wp-includes\class-wp-hook.php(303): Elementor\Core\Common\Modules\Ajax\Module->handle_ajax_request('')
#6 C:\xampp\htdocs\fashionbrandy.com\wp-includes\class-wp-hook.php(327): WP_Hook->apply_filters('', Array)
#7 C:\xampp\htdocs\fashionbrandy.com\wp-includes\plugin.php(470): WP_Hook->do_action(Array)
#8 C:\xampp\htdocs\fashionbrandy.com\wp-admin\admin-ajax.php(187): do_action('wp_ajax_element...')
#9 {main}
  thrown in C:\xampp\htdocs\fashionbrandy.com\wp-content\plugins\elementor\includes\template-library\manager.php on line 457

2021-12-27T16:44:58+00:00 CRITICAL Uncaught Error: Cannot use object of type WP_Error as array in C:\xampp\htdocs\fashionbrandy.com\wp-content\plugins\elementor\includes\template-library\manager.php:457
Stack trace:
#0 [internal function]: Elementor\TemplateLibrary\Manager->import_template(Array)
#1 C:\xampp\htdocs\fashionbrandy.com\wp-content\plugins\elementor\includes\template-library\manager.php(550): call_user_func(Array, Array)
#2 C:\xampp\htdocs\fashionbrandy.com\wp-content\plugins\elementor\includes\template-library\manager.php(582): Elementor\TemplateLibrary\Manager->handle_ajax_request('import_template', Array)
#3 [internal function]: Elementor\TemplateLibrary\Manager->Elementor\TemplateLibrary\{closure}(Array, Object(Elementor\Core\Common\Modules\Ajax\Module))
#4 C:\xampp\htdocs\fashionbrandy.com\wp-content\plugins\elementor\core\common\modules\ajax\module.php(171): call_user_func(Object(Closure), Array, Object(Elementor\Core\Common\Modules\Ajax\Module))
#5 C:\xampp\htdocs\fashionbrandy.com\wp-includes\class-wp-hook.php(303): Elementor\Core\Common\Modules\Ajax\Module->handle_ajax_request('')
#6 C:\xampp\htdocs\fashionbrandy.com\wp-includes\class-wp-hook.php(327): WP_Hook->apply_filters('', Array)
#7 C:\xampp\htdocs\fashionbrandy.com\wp-includes\plugin.php(470): WP_Hook->do_action(Array)
#8 C:\xampp\htdocs\fashionbrandy.com\wp-admin\admin-ajax.php(187): do_action('wp_ajax_element...')
#9 {main}
  thrown in C:\xampp\htdocs\fashionbrandy.com\wp-content\plugins\elementor\includes\template-library\manager.php on line 457

2021-12-27T16:45:14+00:00 CRITICAL Uncaught Error: Cannot use object of type WP_Error as array in C:\xampp\htdocs\fashionbrandy.com\wp-content\plugins\elementor\includes\template-library\manager.php:457
Stack trace:
#0 [internal function]: Elementor\TemplateLibrary\Manager->import_template(Array)
#1 C:\xampp\htdocs\fashionbrandy.com\wp-content\plugins\elementor\includes\template-library\manager.php(550): call_user_func(Array, Array)
#2 C:\xampp\htdocs\fashionbrandy.com\wp-content\plugins\elementor\includes\template-library\manager.php(582): Elementor\TemplateLibrary\Manager->handle_ajax_request('import_template', Array)
#3 [internal function]: Elementor\TemplateLibrary\Manager->Elementor\TemplateLibrary\{closure}(Array, Object(Elementor\Core\Common\Modules\Ajax\Module))
#4 C:\xampp\htdocs\fashionbrandy.com\wp-content\plugins\elementor\core\common\modules\ajax\module.php(171): call_user_func(Object(Closure), Array, Object(Elementor\Core\Common\Modules\Ajax\Module))
#5 C:\xampp\htdocs\fashionbrandy.com\wp-includes\class-wp-hook.php(303): Elementor\Core\Common\Modules\Ajax\Module->handle_ajax_request('')
#6 C:\xampp\htdocs\fashionbrandy.com\wp-includes\class-wp-hook.php(327): WP_Hook->apply_filters('', Array)
#7 C:\xampp\htdocs\fashionbrandy.com\wp-includes\plugin.php(470): WP_Hook->do_action(Array)
#8 C:\xampp\htdocs\fashionbrandy.com\wp-admin\admin-ajax.php(187): do_action('wp_ajax_element...')
#9 {main}
  thrown in C:\xampp\htdocs\fashionbrandy.com\wp-content\plugins\elementor\includes\template-library\manager.php on line 457

2021-12-27T16:46:26+00:00 CRITICAL Uncaught Error: Cannot use object of type WP_Error as array in C:\xampp\htdocs\fashionbrandy.com\wp-content\plugins\elementor\includes\template-library\manager.php:457
Stack trace:
#0 [internal function]: Elementor\TemplateLibrary\Manager->import_template(Array)
#1 C:\xampp\htdocs\fashionbrandy.com\wp-content\plugins\elementor\includes\template-library\manager.php(550): call_user_func(Array, Array)
#2 C:\xampp\htdocs\fashionbrandy.com\wp-content\plugins\elementor\includes\template-library\manager.php(582): Elementor\TemplateLibrary\Manager->handle_ajax_request('import_template', Array)
#3 [internal function]: Elementor\TemplateLibrary\Manager->Elementor\TemplateLibrary\{closure}(Array, Object(Elementor\Core\Common\Modules\Ajax\Module))
#4 C:\xampp\htdocs\fashionbrandy.com\wp-content\plugins\elementor\core\common\modules\ajax\module.php(171): call_user_func(Object(Closure), Array, Object(Elementor\Core\Common\Modules\Ajax\Module))
#5 C:\xampp\htdocs\fashionbrandy.com\wp-includes\class-wp-hook.php(303): Elementor\Core\Common\Modules\Ajax\Module->handle_ajax_request('')
#6 C:\xampp\htdocs\fashionbrandy.com\wp-includes\class-wp-hook.php(327): WP_Hook->apply_filters('', Array)
#7 C:\xampp\htdocs\fashionbrandy.com\wp-includes\plugin.php(470): WP_Hook->do_action(Array)
#8 C:\xampp\htdocs\fashionbrandy.com\wp-admin\admin-ajax.php(187): do_action('wp_ajax_element...')
#9 {main}
  thrown in C:\xampp\htdocs\fashionbrandy.com\wp-content\plugins\elementor\includes\template-library\manager.php on line 457

